Determining if the pthread_create exist failed with the following output:
Change Dir: /home/abhishek/Git/gr-gsm-CE/build/CMakeFiles/CMakeTmp

Run Build Command:"/usr/bin/make" "cmTC_dcda0/fast"
/usr/bin/make -f CMakeFiles/cmTC_dcda0.dir/build.make CMakeFiles/cmTC_dcda0.dir/build
make[1]: Entering directory '/home/abhishek/Git/gr-gsm-CE/build/CMakeFiles/CMakeTmp'
Building C object CMakeFiles/cmTC_dcda0.dir/CheckSymbolExists.c.o
/usr/bin/cc     -o CMakeFiles/cmTC_dcda0.dir/CheckSymbolExists.c.o   -c /home/abhishek/Git/gr-gsm-CE/build/CMakeFiles/CMakeTmp/CheckSymbolExists.c
Linking C executable cmTC_dcda0
/usr/bin/cmake -E cmake_link_script CMakeFiles/cmTC_dcda0.dir/link.txt --verbose=1
/usr/bin/cc       CMakeFiles/cmTC_dcda0.dir/CheckSymbolExists.c.o  -o cmTC_dcda0 -rdynamic 
CMakeFiles/cmTC_dcda0.dir/CheckSymbolExists.c.o: In function `main':
CheckSymbolExists.c:(.text+0x16): undefined reference to `pthread_create'
collect2: error: ld returned 1 exit status
CMakeFiles/cmTC_dcda0.dir/build.make:97: recipe for target 'cmTC_dcda0' failed
make[1]: *** [cmTC_dcda0] Error 1
make[1]: Leaving directory '/home/abhishek/Git/gr-gsm-CE/build/CMakeFiles/CMakeTmp'
Makefile:126: recipe for target 'cmTC_dcda0/fast' failed
make: *** [cmTC_dcda0/fast] Error 2

File /home/abhishek/Git/gr-gsm-CE/build/CMakeFiles/CMakeTmp/CheckSymbolExists.c:
/* */
#include <pthread.h>

int main(int argc, char** argv)
{
  (void)argv;
#ifndef pthread_create
  return ((int*)(&pthread_create))[argc];
#else
  (void)argc;
  return 0;
#endif
}

Determining if the function pthread_create exists in the pthreads failed with the following output:
Change Dir: /home/abhishek/Git/gr-gsm-CE/build/CMakeFiles/CMakeTmp

Run Build Command:"/usr/bin/make" "cmTC_f46ad/fast"
/usr/bin/make -f CMakeFiles/cmTC_f46ad.dir/build.make CMakeFiles/cmTC_f46ad.dir/build
make[1]: Entering directory '/home/abhishek/Git/gr-gsm-CE/build/CMakeFiles/CMakeTmp'
Building C object CMakeFiles/cmTC_f46ad.dir/CheckFunctionExists.c.o
/usr/bin/cc    -DCHECK_FUNCTION_EXISTS=pthread_create   -o CMakeFiles/cmTC_f46ad.dir/CheckFunctionExists.c.o   -c /usr/share/cmake-3.5/Modules/CheckFunctionExists.c
Linking C executable cmTC_f46ad
/usr/bin/cmake -E cmake_link_script CMakeFiles/cmTC_f46ad.dir/link.txt --verbose=1
/usr/bin/cc   -DCHECK_FUNCTION_EXISTS=pthread_create    CMakeFiles/cmTC_f46ad.dir/CheckFunctionExists.c.o  -o cmTC_f46ad -rdynamic -lpthreads 
/usr/bin/ld: cannot find -lpthreads
collect2: error: ld returned 1 exit status
CMakeFiles/cmTC_f46ad.dir/build.make:97: recipe for target 'cmTC_f46ad' failed
make[1]: *** [cmTC_f46ad] Error 1
make[1]: Leaving directory '/home/abhishek/Git/gr-gsm-CE/build/CMakeFiles/CMakeTmp'
Makefile:126: recipe for target 'cmTC_f46ad/fast' failed
make: *** [cmTC_f46ad/fast] Error 2


